<?xml version="1.0" encoding="UTF-8"?>
<testsuite xmlns:xsi="http://www.w3.org/2001/XMLSchema-instance" xsi:schemaLocation="https://maven.apache.org/surefire/maven-surefire-plugin/xsd/surefire-test-report.xsd" name="org.SwagLabs.TestRunner.Run" time="318.476" tests="4" errors="0" skipped="0" failures="0">
  <properties>
[...]
</properties>
  <testcase name="runScenario" classname="org.SwagLabs.TestRunner.Run" time="157.479"/>
  <testcase name="runScenario" classname="org.SwagLabs.TestRunner.Run" time="52.061"/>
  <testcase name="runScenario" classname="org.SwagLabs.TestRunner.Run" time="44.258"/>
  <testcase name="runScenario" classname="org.SwagLabs.TestRunner.Run" time="55.296"/>
</testsuite>