<?xml version="1.0" encoding="UTF-8"?>
<testng-results ignored="0" total="4" passed="4" failed="0" skipped="0">
  <reporter-output>
  </reporter-output>
  <suite started-at="2025-01-23T14:35:25 IST" name="Surefire suite" finished-at="2025-01-23T14:40:41 IST" duration-ms="316237">
    <groups>
      <group name="cucumber">
        <method signature="AbstractTestNGCucumberTests.runScenario(io.cucumber.testng.PickleWrapper,io.cucumber.testng.FeatureWrapper)[pri:0, instance:org.SwagLabs.TestRunner.Run@47542153]" name="runScenario" class="io.cucumber.testng.AbstractTestNGCucumberTests"/>
      </group> <!-- cucumber -->
    </groups>
    <test started-at="2025-01-23T14:35:25 IST" name="Surefire test" finished-at="2025-01-23T14:40:41 IST" duration-ms="316237">
      <class name="org.SwagLabs.TestRunner.Run">
        <test-method is-config="true" signature="setUpClass(org.testng.ITestContext)[pri:0, instance:org.SwagLabs.TestRunner.Run@47542153]" started-at="2025-01-23T14:35:25 IST" name="setUpClass" finished-at="2025-01-23T14:35:27 IST" duration-ms="2026" status="PASS">
          <params>
            <param index="0">
              <value>
                <![CDATA[org.testng.TestRunner@2213639b]]>
              </value>
            </param>
          </params>
          <reporter-output>
          </reporter-output>
        </test-method> <!-- setUpClass -->
        <test-method signature="runScenario(io.cucumber.testng.PickleWrapper,io.cucumber.testng.FeatureWrapper)[pri:0, instance:org.SwagLabs.TestRunner.Run@47542153]" started-at="2025-01-23T14:35:27 IST" name="runScenario" description="Runs Cucumber Scenarios" data-provider="scenarios" finished-at="2025-01-23T14:38:04 IST" duration-ms="157461" status="PASS">
          <params>
            <param index="0">
              <value>
                <![CDATA["User login with valid credential"]]>
              </value>
            </param>
            <param index="1">
              <value>
                <![CDATA["Login feature"]]>
              </value>
            </param>
          </params>
          <reporter-output>
          </reporter-output>
        </test-method> <!-- runScenario -->
        <test-method signature="runScenario(io.cucumber.testng.PickleWrapper,io.cucumber.testng.FeatureWrapper)[pri:0, instance:org.SwagLabs.TestRunner.Run@47542153]" started-at="2025-01-23T14:38:04 IST" name="runScenario" description="Runs Cucumber Scenarios" data-provider="scenarios" finished-at="2025-01-23T14:38:56 IST" duration-ms="52077" status="PASS">
          <params>
            <param index="0">
              <value>
                <![CDATA["Unsuccessfull  login with invalid credential"]]>
              </value>
            </param>
            <param index="1">
              <value>
                <![CDATA["Login feature"]]>
              </value>
            </param>
          </params>
          <reporter-output>
          </reporter-output>
        </test-method> <!-- runScenario -->
        <test-method signature="runScenario(io.cucumber.testng.PickleWrapper,io.cucumber.testng.FeatureWrapper)[pri:0, instance:org.SwagLabs.TestRunner.Run@47542153]" started-at="2025-01-23T14:38:56 IST" name="runScenario" description="Runs Cucumber Scenarios" data-provider="scenarios" finished-at="2025-01-23T14:39:40 IST" duration-ms="44258" status="PASS">
          <params>
            <param index="0">
              <value>
                <![CDATA["Unsuccessfull  login with invalid credential"]]>
              </value>
            </param>
            <param index="1">
              <value>
                <![CDATA["Login feature"]]>
              </value>
            </param>
          </params>
          <reporter-output>
          </reporter-output>
        </test-method> <!-- runScenario -->
        <test-method signature="runScenario(io.cucumber.testng.PickleWrapper,io.cucumber.testng.FeatureWrapper)[pri:0, instance:org.SwagLabs.TestRunner.Run@47542153]" started-at="2025-01-23T14:39:40 IST" name="runScenario" description="Runs Cucumber Scenarios" data-provider="scenarios" finished-at="2025-01-23T14:40:36 IST" duration-ms="55296" status="PASS">
          <params>
            <param index="0">
              <value>
                <![CDATA["Unsuccessfull  login with invalid credential"]]>
              </value>
            </param>
            <param index="1">
              <value>
                <![CDATA["Login feature"]]>
              </value>
            </param>
          </params>
          <reporter-output>
          </reporter-output>
        </test-method> <!-- runScenario -->
        <test-method is-config="true" signature="tearDownClass()[pri:0, instance:org.SwagLabs.TestRunner.Run@47542153]" started-at="2025-01-23T14:40:36 IST" name="tearDownClass" finished-at="2025-01-23T14:40:41 IST" duration-ms="5014" status="PASS">
          <reporter-output>
          </reporter-output>
        </test-method> <!-- tearDownClass -->
      </class> <!-- org.SwagLabs.TestRunner.Run -->
    </test> <!-- Surefire test -->
  </suite> <!-- Surefire suite -->
</testng-results>
